<?xml version="1.0" encoding="UTF-8"?>
<!-- Generated by org.testng.reporters.JUnitReportReporter -->
<testsuite hostname="DESKTOP-0R1V25A" failures="0" tests="1" name="Test.LoginPageTest" time="6.680" errors="0" timestamp="2024-12-09T20:01:56 IST" skipped="0">
  <testcase classname="Test.LoginPageTest" name="login" time="6.680"/>
</testsuite> <!-- Test.LoginPageTest -->
