<?xml version="1.0" encoding="UTF-8"?>
<!-- Generated by org.testng.reporters.JUnitReportReporter -->
<testsuite hostname="DESKTOP-0R1V25A" failures="0" tests="1" name="Test.BookingPageTest" time="8.965" errors="0" timestamp="2024-12-09T20:01:27 IST" skipped="0">
  <testcase classname="Test.BookingPageTest" name="SelectAllTheValues" time="8.965"/>
</testsuite> <!-- Test.BookingPageTest -->
